<?xml version="1.0" encoding="UTF-8"?>
<testsuite name="com.bootcamp.cicddemo.CiCdDemoApplicationTests" tests="1" skipped="0" failures="0" errors="0" timestamp="2021-12-03T06:18:02" hostname="Sauravs-MacBook-Pro.local" time="0.267">
  <properties/>
  <testcase name="contextLoads()" classname="com.bootcamp.cicddemo.CiCdDemoApplicationTests" time="0.267"/>
  <system-out><![CDATA[11:47:40.797 [Test worker] DEBUG org.springframework.test.context.BootstrapUtils - Instantiating CacheAwareContextLoaderDelegate from class [org.springframework.test.context.cache.DefaultCacheAwareContextLoaderDelegate]
11:47:40.812 [Test worker] DEBUG org.springframework.test.context.BootstrapUtils - Instantiating BootstrapContext using constructor [public org.springframework.test.context.support.DefaultBootstrapContext(java.lang.Class,org.springframework.test.context.CacheAwareContextLoaderDelegate)]
11:47:40.849 [Test worker] DEBUG org.springframework.test.context.BootstrapUtils - Instantiating TestContextBootstrapper for test class [com.bootcamp.cicddemo.CiCdDemoApplicationTests] from class [org.springframework.boot.test.context.SpringBootTestContextBootstrapper]
11:47:40.866 [Test worker] INFO org.springframework.boot.test.context.SpringBootTestContextBootstrapper - Neither @ContextConfiguration nor @ContextHierarchy found for test class [com.bootcamp.cicddemo.CiCdDemoApplicationTests], using SpringBootContextLoader
11:47:40.870 [Test worker] DEBUG org.springframework.test.context.support.AbstractContextLoader - Did not detect default resource location for test class [com.bootcamp.cicddemo.CiCdDemoApplicationTests]: class path resource [com/bootcamp/cicddemo/CiCdDemoApplicationTests-context.xml] does not exist
11:47:40.870 [Test worker] DEBUG org.springframework.test.context.support.AbstractContextLoader - Did not detect default resource location for test class [com.bootcamp.cicddemo.CiCdDemoApplicationTests]: class path resource [com/bootcamp/cicddemo/CiCdDemoApplicationTestsContext.groovy] does not exist
11:47:40.871 [Test worker] INFO org.springframework.test.context.support.AbstractContextLoader - Could not detect default resource locations for test class [com.bootcamp.cicddemo.CiCdDemoApplicationTests]: no resource found for suffixes {-context.xml, Context.groovy}.
11:47:40.872 [Test worker] INFO org.springframework.test.context.support.AnnotationConfigContextLoaderUtils - Could not detect default configuration classes for test class [com.bootcamp.cicddemo.CiCdDemoApplicationTests]: CiCdDemoApplicationTests does not declare any static, non-private, non-final, nested classes annotated with @Configuration.
11:47:40.916 [Test worker] DEBUG org.springframework.test.context.support.ActiveProfilesUtils - Could not find an 'annotation declaring class' for annotation type [org.springframework.test.context.ActiveProfiles] and class [com.bootcamp.cicddemo.CiCdDemoApplicationTests]
11:47:40.993 [Test worker] DEBUG org.springframework.context.annotation.ClassPathScanningCandidateComponentProvider - Identified candidate component class: file [/Users/sauravmohapatra/tw/my-ci-cd-demo/build/classes/java/main/com/bootcamp/cicddemo/CiCdDemoApplication.class]
11:47:40.995 [Test worker] INFO org.springframework.boot.test.context.SpringBootTestContextBootstrapper - Found @SpringBootConfiguration com.bootcamp.cicddemo.CiCdDemoApplication for test class com.bootcamp.cicddemo.CiCdDemoApplicationTests
11:47:41.107 [Test worker] DEBUG org.springframework.boot.test.context.SpringBootTestContextBootstrapper - @TestExecutionListeners is not present for class [com.bootcamp.cicddemo.CiCdDemoApplicationTests]: using defaults.
11:47:41.107 [Test worker] INFO org.springframework.boot.test.context.SpringBootTestContextBootstrapper - Loaded default TestExecutionListener class names from location [META-INF/spring.factories]: [org.springframework.boot.test.autoconfigure.restdocs.RestDocsTestExecutionListener, org.springframework.boot.test.autoconfigure.web.client.MockRestServiceServerResetTestExecutionListener, org.springframework.boot.test.autoconfigure.web.servlet.MockMvcPrintOnlyOnFailureTestExecutionListener, org.springframework.boot.test.autoconfigure.web.servlet.WebDriverTestExecutionListener, org.springframework.boot.test.autoconfigure.webservices.client.MockWebServiceServerTestExecutionListener, org.springframework.boot.test.mock.mockito.MockitoTestExecutionListener, org.springframework.boot.test.mock.mockito.ResetMocksTestExecutionListener, org.springframework.test.context.web.ServletTestExecutionListener, org.springframework.test.context.support.DirtiesContextBeforeModesTestExecutionListener, org.springframework.test.context.event.ApplicationEventsTestExecutionListener, org.springframework.test.context.support.DependencyInjectionTestExecutionListener, org.springframework.test.context.support.DirtiesContextTestExecutionListener, org.springframework.test.context.transaction.TransactionalTestExecutionListener, org.springframework.test.context.jdbc.SqlScriptsTestExecutionListener, org.springframework.test.context.event.EventPublishingTestExecutionListener]
11:47:41.118 [Test worker] DEBUG org.springframework.boot.test.context.SpringBootTestContextBootstrapper - Skipping candidate TestExecutionListener [org.springframework.test.context.transaction.TransactionalTestExecutionListener] due to a missing dependency. Specify custom listener classes or make the default listener classes and their required dependencies available. Offending class: [org/springframework/transaction/TransactionDefinition]
11:47:41.118 [Test worker] DEBUG org.springframework.boot.test.context.SpringBootTestContextBootstrapper - Skipping candidate TestExecutionListener [org.springframework.test.context.jdbc.SqlScriptsTestExecutionListener] due to a missing dependency. Specify custom listener classes or make the default listener classes and their required dependencies available. Offending class: [org/springframework/transaction/interceptor/TransactionAttribute]
11:47:41.118 [Test worker] INFO org.springframework.boot.test.context.SpringBootTestContextBootstrapper - Using TestExecutionListeners: [org.springframework.test.context.web.ServletTestExecutionListener@7d6c72bf, org.springframework.test.context.support.DirtiesContextBeforeModesTestExecutionListener@31ece211, org.springframework.test.context.event.ApplicationEventsTestExecutionListener@37f617c4, org.springframework.boot.test.mock.mockito.MockitoTestExecutionListener@193f92c5, org.springframework.boot.test.autoconfigure.SpringBootDependencyInjectionTestExecutionListener@7d8f2d7, org.springframework.test.context.support.DirtiesContextTestExecutionListener@51727457, org.springframework.test.context.event.EventPublishingTestExecutionListener@563d118a, org.springframework.boot.test.autoconfigure.restdocs.RestDocsTestExecutionListener@33f11832, org.springframework.boot.test.autoconfigure.web.client.MockRestServiceServerResetTestExecutionListener@73ff0ad1, org.springframework.boot.test.autoconfigure.web.servlet.MockMvcPrintOnlyOnFailureTestExecutionListener@316d0835, org.springframework.boot.test.autoconfigure.web.servlet.WebDriverTestExecutionListener@fe2eed3, org.springframework.boot.test.autoconfigure.webservices.client.MockWebServiceServerTestExecutionListener@34e94795, org.springframework.boot.test.mock.mockito.ResetMocksTestExecutionListener@3f4b7a5b]
11:47:41.122 [Test worker] DEBUG org.springframework.test.context.support.AbstractDirtiesContextTestExecutionListener - Before test class: context [DefaultTestContext@2b17a699 testClass = CiCdDemoApplicationTests, testInstance = [null], testMethod = [null], testException = [null], mergedContextConfiguration = [WebMergedContextConfiguration@117bc220 testClass = CiCdDemoApplicationTests, locations = '{}', classes = '{class com.bootcamp.cicddemo.CiCdDemoApplication}', contextInitializerClasses = '[]', activeProfiles = '{}', propertySourceLocations = '{}', propertySourceProperties = '{org.springframework.boot.test.context.SpringBootTestContextBootstrapper=true}', contextCustomizers = set[org.springframework.boot.test.autoconfigure.actuate.metrics.MetricsExportContextCustomizerFactory$DisableMetricExportContextCustomizer@847c004, org.springframework.boot.test.autoconfigure.properties.PropertyMappingContextCustomizer@0, org.springframework.boot.test.autoconfigure.web.servlet.WebDriverContextCustomizerFactory$Customizer@4b7c86cd, org.springframework.boot.test.context.filter.ExcludeFilterContextCustomizer@47df9ec0, org.springframework.boot.test.json.DuplicateJsonObjectContextCustomizerFactory$DuplicateJsonObjectContextCustomizer@7ec3eb1d, org.springframework.boot.test.mock.mockito.MockitoContextCustomizer@0, org.springframework.boot.test.web.client.TestRestTemplateContextCustomizer@7c9b86ff, org.springframework.boot.test.context.SpringBootTestArgs@1, org.springframework.boot.test.context.SpringBootTestWebEnvironment@46502511], resourceBasePath = 'src/main/webapp', contextLoader = 'org.springframework.boot.test.context.SpringBootContextLoader', parent = [null]], attributes = map['org.springframework.test.context.web.ServletTestExecutionListener.activateListener' -> true]], class annotated with @DirtiesContext [false] with mode [null].
11:47:41.160 [Test worker] DEBUG org.springframework.test.context.support.TestPropertySourceUtils - Adding inlined properties to environment: {spring.jmx.enabled=false, org.springframework.boot.test.context.SpringBootTestContextBootstrapper=true}

  .   ____          _            __ _ _
 /\\ / ___'_ __ _ _(_)_ __  __ _ \ \ \ \
( ( )\___ | '_ | '_| | '_ \/ _` | \ \ \ \
 \\/  ___)| |_)| | | | | || (_| |  ) ) ) )
  '  |____| .__|_| |_|_| |_\__, | / / / /
 =========|_|==============|___/=/_/_/_/
 :: Spring Boot ::                (v2.5.4)

2021-12-03 11:47:56.405  WARN 3074 --- [    Test worker] o.s.boot.StartupInfoLogger               : InetAddress.getLocalHost().getHostName() took 5001 milliseconds to respond. Please verify your network configuration (macOS machines may need to add entries to /etc/hosts).
2021-12-03 11:48:01.414  INFO 3074 --- [    Test worker] c.b.cicddemo.CiCdDemoApplicationTests    : Starting CiCdDemoApplicationTests using Java 1.8.0_311 on Sauravs-MacBook-Pro.local with PID 3074 (started by sauravmohapatra in /Users/sauravmohapatra/tw/my-ci-cd-demo)
2021-12-03 11:48:01.416  INFO 3074 --- [    Test worker] c.b.cicddemo.CiCdDemoApplicationTests    : No active profile set, falling back to default profiles: default
2021-12-03 11:48:02.601  INFO 3074 --- [    Test worker] c.b.cicddemo.CiCdDemoApplicationTests    : Started CiCdDemoApplicationTests in 21.433 seconds (JVM running for 22.373)
]]></system-out>
  <system-err><![CDATA[]]></system-err>
</testsuite>
